<?xml version="1.0" encoding="UTF-8"?>
<testng-results ignored="0" total="1" passed="1" failed="0" skipped="0">
  <reporter-output>
  </reporter-output>
  <suite started-at="2023-11-20T12:31:26 IST" name="inetbanking" finished-at="2023-11-20T12:31:45 IST" duration-ms="18887">
    <groups>
    </groups>
    <test started-at="2023-11-20T12:31:26 IST" name="Banking Application Test" finished-at="2023-11-20T12:31:45 IST" duration-ms="18887">
      <class name="com.inetbanking.testCases.TC_AddCustomerTest_003">
        <test-method is-config="true" signature="setup(java.lang.String)[pri:0, instance:com.inetbanking.testCases.TC_AddCustomerTest_003@40ef3420]" started-at="2023-11-20T12:31:26 IST" name="setup" finished-at="2023-11-20T12:31:40 IST" duration-ms="13778" status="PASS">
          <params>
            <param index="0">
              <value>
                <![CDATA[chrome]]>
              </value>
            </param>
          </params>
          <reporter-output>
          </reporter-output>
        </test-method> <!-- setup -->
        <test-method signature="addNewCustomer()[pri:0, instance:com.inetbanking.testCases.TC_AddCustomerTest_003@40ef3420]" started-at="2023-11-20T12:31:40 IST" name="addNewCustomer" finished-at="2023-11-20T12:31:45 IST" duration-ms="4607" status="PASS">
          <reporter-output>
          </reporter-output>
        </test-method> <!-- addNewCustomer -->
        <test-method is-config="true" signature="tearDown()[pri:0, instance:com.inetbanking.testCases.TC_AddCustomerTest_003@40ef3420]" started-at="2023-11-20T12:31:45 IST" name="tearDown" finished-at="2023-11-20T12:31:45 IST" duration-ms="168" status="PASS">
          <reporter-output>
          </reporter-output>
        </test-method> <!-- tearDown -->
      </class> <!-- com.inetbanking.testCases.TC_AddCustomerTest_003 -->
    </test> <!-- Banking Application Test -->
  </suite> <!-- inetbanking -->
</testng-results>
