<?xml version="1.0" encoding="UTF-8"?>
<testng-results ignored="0" total="1" passed="1" failed="0" skipped="0">
  <reporter-output>
  </reporter-output>
  <suite started-at="2023-11-20T11:50:19 IST" name="inetbanking" finished-at="2023-11-20T11:50:33 IST" duration-ms="14948">
    <groups>
    </groups>
    <test started-at="2023-11-20T11:50:19 IST" name="Banking Application Test" finished-at="2023-11-20T11:50:33 IST" duration-ms="14948">
      <class name="com.inetbanking.testCases.TC_AddCustomerTest_003">
        <test-method is-config="true" signature="setup(java.lang.String)[pri:0, instance:com.inetbanking.testCases.TC_AddCustomerTest_003@7c7b252e]" started-at="2023-11-20T11:50:19 IST" name="setup" finished-at="2023-11-20T11:50:28 IST" duration-ms="9489" status="PASS">
          <params>
            <param index="0">
              <value>
                <![CDATA[chrome]]>
              </value>
            </param>
          </params>
          <reporter-output>
          </reporter-output>
        </test-method> <!-- setup -->
        <test-method signature="addNewCustomer()[pri:0, instance:com.inetbanking.testCases.TC_AddCustomerTest_003@7c7b252e]" started-at="2023-11-20T11:50:28 IST" name="addNewCustomer" finished-at="2023-11-20T11:50:33 IST" duration-ms="4796" status="PASS">
          <reporter-output>
          </reporter-output>
        </test-method> <!-- addNewCustomer -->
        <test-method is-config="true" signature="tearDown()[pri:0, instance:com.inetbanking.testCases.TC_AddCustomerTest_003@7c7b252e]" started-at="2023-11-20T11:50:33 IST" name="tearDown" finished-at="2023-11-20T11:50:33 IST" duration-ms="279" status="PASS">
          <reporter-output>
          </reporter-output>
        </test-method> <!-- tearDown -->
      </class> <!-- com.inetbanking.testCases.TC_AddCustomerTest_003 -->
    </test> <!-- Banking Application Test -->
  </suite> <!-- inetbanking -->
</testng-results>
